Compiling the C compiler identification source file "CMakeCCompilerId.c" failed.
Compiler: C:/Program Files (x86)/Microsoft Visual Studio/2019/Community/VC/Tools/MSVC/14.28.29333/bin/Hostx86/x86/cl.exe 
Build flags: 
Id flags:  

The output was:
2
Microsoft (R) Kompilator optymalizujący C/C++, wersja 19.28.29334 dla architektury x86
Copyright (C) Microsoft Corporation. Wszystkie prawa zastrzeżone.

CMakeCCompilerId.c
Microsoft (R) Incremental Linker Version 14.28.29334.0
Copyright (C) Microsoft Corporation.  All rights reserved.

/out:CMakeCCompilerId.exe 
CMakeCCompilerId.obj 
LINK : fatal error LNK1104: nie można otworzyć pliku "kernel32.lib"


Determining if the C compiler works failed with the following output:
Change Dir: C:/Users/patry/CLionProjects/untitled4/cmake-build-debug/CMakeFiles/CMakeTmp

Run Build Command(s):nmake /nologo cmTC_d2233\fast && 	"C:\Program Files (x86)\Microsoft Visual Studio\2019\Community\VC\Tools\MSVC\14.28.29333\bin\HostX86\x86\nmake.exe"  -f CMakeFiles\cmTC_d2233.dir\build.make /nologo -L                  CMakeFiles\cmTC_d2233.dir\build
Building C object CMakeFiles/cmTC_d2233.dir/testCCompiler.c.obj
	C:\PROGRA~2\MICROS~2\2019\COMMUN~1\VC\Tools\MSVC\1428~1.293\bin\Hostx86\x86\cl.exe @C:\Users\patry\AppData\Local\Temp\nm8202.tmp
testCCompiler.c
Linking C executable cmTC_d2233.exe
	"D:\Program Files\JetBrains\CLion 2020.3.2\bin\cmake\win\bin\cmake.exe" -E vs_link_exe --intdir=CMakeFiles\cmTC_d2233.dir --rc=rc --mt=CMAKE_MT-NOTFOUND --manifests  -- C:\PROGRA~2\MICROS~2\2019\COMMUN~1\VC\Tools\MSVC\1428~1.293\bin\Hostx86\x86\link.exe /nologo @CMakeFiles\cmTC_d2233.dir\objects1.rsp @C:\Users\patry\AppData\Local\Temp\nm834B.tmp
RC Pass 1: command "rc /fo CMakeFiles\cmTC_d2233.dir/manifest.res CMakeFiles\cmTC_d2233.dir/manifest.rc" failed (exit code 0) with the following output:
Nie można odnaleźć określonego plikuNMAKE : fatal error U1077: ä"D:\Program Files\JetBrains\CLion 2020.3.2\bin\cmake\win\bin\cmake.exe"ö: kod powrotu ä0xffffffffö
Stop.
NMAKE : fatal error U1077: ä"C:\Program Files (x86)\Microsoft Visual Studio\2019\Community\VC\Tools\MSVC\14.28.29333\bin\HostX86\x86\nmake.exe"ö: kod powrotu ä0x2ö
Stop.



